*** Using Compiler 'V5.06 update 7 (build 960)', folder: 'C:\Program Files\Keil\ARM\ARM_Compiler_5.06u7\Bin'
Build target 'Target 1'
compiling Motor.cpp...
hardware\Motor.cpp(116): warning:  #1-D: last line of file ends without a newline
  }
hardware\Motor.cpp: 1 warning, 0 errors
compiling Tracking.cpp...
compiling Obstacle Avoid.cpp...
Hardware\Obstacle Avoid.cpp(114): warning:  #1-D: last line of file ends without a newline
  }
Hardware\Obstacle Avoid.cpp: 1 warning, 0 errors
compiling main.cpp...
.\hardware\m_DMA.h(10): warning:  #1-D: last line of file ends without a newline
  #endif
main.cpp: 1 warning, 0 errors
linking...
Program Size: Code=6400 RO-data=276 RW-data=60 ZI-data=1636  
FromELF: creating hex file...
".\Objects\demo.axf" - 0 Error(s), 3 Warning(s).
Build Time Elapsed:  00:00:02
